0 info it worked if it ends with ok
1 verbose cli [ 'C:\\Program Files\\nodejs\\node.exe',
1 verbose cli   'C:\\Program Files\\nodejs\\node_modules\\npm\\bin\\npm-cli.js',
1 verbose cli   'install',
1 verbose cli   'typescript',
1 verbose cli   '--global' ]
2 info using npm@3.10.3
3 info using node@v6.5.0
4 silly loadCurrentTree Starting
5 silly install loadCurrentTree
6 silly install readGlobalPackageData
7 silly fetchPackageMetaData typescript
8 silly fetchNamedPackageData typescript
9 silly mapToRegistry name typescript
10 silly mapToRegistry using default registry
11 silly mapToRegistry registry https://registry.npmjs.org/
12 silly mapToRegistry data Result {
12 silly mapToRegistry   raw: 'typescript',
12 silly mapToRegistry   scope: null,
12 silly mapToRegistry   escapedName: 'typescript',
12 silly mapToRegistry   name: 'typescript',
12 silly mapToRegistry   rawSpec: '',
12 silly mapToRegistry   spec: 'latest',
12 silly mapToRegistry   type: 'tag' }
13 silly mapToRegistry uri https://registry.npmjs.org/typescript
14 verbose request uri https://registry.npmjs.org/typescript
15 verbose request no auth needed
16 info attempt registry request try #1 at 10:59:12 PM
17 verbose request id 26f0845bd89a0e85
18 verbose etag "96IKO623TFUVL34Q029OW4QLQ"
19 http request GET https://registry.npmjs.org/typescript
20 http 200 https://registry.npmjs.org/typescript
21 verbose headers { server: 'CouchDB/1.6.1 (Erlang OTP/R16B03)',
21 verbose headers   etag: '"4H4M2OXIYSWWT9KNP2LN684L3"',
21 verbose headers   'content-type': 'application/json',
21 verbose headers   'content-encoding': 'gzip',
21 verbose headers   'cache-control': 'max-age=300',
21 verbose headers   'content-length': '68315',
21 verbose headers   'accept-ranges': 'bytes',
21 verbose headers   date: 'Sat, 17 Sep 2016 21:59:13 GMT',
21 verbose headers   via: '1.1 varnish',
21 verbose headers   age: '95',
21 verbose headers   connection: 'keep-alive',
21 verbose headers   'x-served-by': 'cache-lhr6347-LHR',
21 verbose headers   'x-cache': 'HIT',
21 verbose headers   'x-cache-hits': '1',
21 verbose headers   'x-timer': 'S1474149553.859424,VS0,VE0',
21 verbose headers   vary: 'Accept-Encoding' }
22 silly get cb [ 200,
22 silly get   { server: 'CouchDB/1.6.1 (Erlang OTP/R16B03)',
22 silly get     etag: '"4H4M2OXIYSWWT9KNP2LN684L3"',
22 silly get     'content-type': 'application/json',
22 silly get     'content-encoding': 'gzip',
22 silly get     'cache-control': 'max-age=300',
22 silly get     'content-length': '68315',
22 silly get     'accept-ranges': 'bytes',
22 silly get     date: 'Sat, 17 Sep 2016 21:59:13 GMT',
22 silly get     via: '1.1 varnish',
22 silly get     age: '95',
22 silly get     connection: 'keep-alive',
22 silly get     'x-served-by': 'cache-lhr6347-LHR',
22 silly get     'x-cache': 'HIT',
22 silly get     'x-cache-hits': '1',
22 silly get     'x-timer': 'S1474149553.859424,VS0,VE0',
22 silly get     vary: 'Accept-Encoding' } ]
23 verbose get saving typescript to C:\Users\Zane\AppData\Roaming\npm-cache\registry.npmjs.org\typescript\.cache.json
24 verbose correctMkdir C:\Users\Zane\AppData\Roaming\npm-cache correctMkdir not in flight; initializing
25 silly install normalizeTree
26 silly loadCurrentTree Finishing
27 silly loadIdealTree Starting
28 silly install loadIdealTree
29 silly cloneCurrentTree Starting
30 silly install cloneCurrentTreeToIdealTree
31 silly cloneCurrentTree Finishing
32 silly loadShrinkwrap Starting
33 silly install loadShrinkwrap
34 silly loadShrinkwrap Finishing
35 silly loadAllDepsIntoIdealTree Starting
36 silly install loadAllDepsIntoIdealTree
37 silly resolveWithNewModule typescript@1.8.10 checking installable status
38 silly cache add args [ 'typescript', null ]
39 verbose cache add spec typescript
40 silly cache add parsed spec Result {
40 silly cache add   raw: 'typescript',
40 silly cache add   scope: null,
40 silly cache add   escapedName: 'typescript',
40 silly cache add   name: 'typescript',
40 silly cache add   rawSpec: '',
40 silly cache add   spec: 'latest',
40 silly cache add   type: 'tag' }
41 silly addNamed typescript@latest
42 verbose addNamed "latest" is being treated as a dist-tag for typescript
43 info addNameTag [ 'typescript', 'latest' ]
44 silly mapToRegistry name typescript
45 silly mapToRegistry using default registry
46 silly mapToRegistry registry https://registry.npmjs.org/
47 silly mapToRegistry data Result {
47 silly mapToRegistry   raw: 'typescript',
47 silly mapToRegistry   scope: null,
47 silly mapToRegistry   escapedName: 'typescript',
47 silly mapToRegistry   name: 'typescript',
47 silly mapToRegistry   rawSpec: '',
47 silly mapToRegistry   spec: 'latest',
47 silly mapToRegistry   type: 'tag' }
48 silly mapToRegistry uri https://registry.npmjs.org/typescript
49 verbose addNameTag registry:https://registry.npmjs.org/typescript not in flight; fetching
50 verbose get https://registry.npmjs.org/typescript not expired, no request
51 silly addNameTag next cb for typescript with tag latest
52 silly addNamed typescript@1.8.10
53 verbose addNamed "1.8.10" is a plain semver version for typescript
54 silly cache afterAdd typescript@1.8.10
55 verbose afterAdd C:\Users\Zane\AppData\Roaming\npm-cache\typescript\1.8.10\package\package.json not in flight; writing
56 verbose correctMkdir C:\Users\Zane\AppData\Roaming\npm-cache correctMkdir not in flight; initializing
57 verbose afterAdd C:\Users\Zane\AppData\Roaming\npm-cache\typescript\1.8.10\package\package.json written
58 silly loadAllDepsIntoIdealTree Finishing
59 silly loadIdealTree Finishing
60 silly currentTree npm
60 silly currentTree `-- typescript@1.8.10
61 silly idealTree npm
61 silly idealTree `-- typescript@1.8.10
62 silly generateActionsToTake Starting
63 silly install generateActionsToTake
64 silly generateActionsToTake Finishing
65 silly diffTrees action count 1
66 silly diffTrees update typescript@1.8.10
67 silly decomposeActions action count 8
68 silly decomposeActions fetch typescript@1.8.10
69 silly decomposeActions extract typescript@1.8.10
70 silly decomposeActions test typescript@1.8.10
71 silly decomposeActions preinstall typescript@1.8.10
72 silly decomposeActions build typescript@1.8.10
73 silly decomposeActions install typescript@1.8.10
74 silly decomposeActions postinstall typescript@1.8.10
75 silly decomposeActions finalize typescript@1.8.10
76 silly executeActions Starting
77 silly install executeActions
78 silly doSerial global-install 0
79 silly doParallel fetch 1
80 verbose correctMkdir C:\Users\Zane\AppData\Roaming\npm-cache\_locks correctMkdir not in flight; initializing
81 verbose lock using C:\Users\Zane\AppData\Roaming\npm-cache\_locks\staging-b4b05372f115c277.lock for C:\Users\Zane\AppData\Roaming\npm\node_modules\.staging
82 silly doParallel extract 1
83 silly extract typescript@1.8.10
84 verbose unbuild node_modules\.staging\typescript-6c4369b5
85 silly gentlyRm C:\Users\Zane\AppData\Roaming\npm\node_modules\.staging\typescript-6c4369b5 is being purged from base C:\Users\Zane\AppData\Roaming\npm
86 verbose gentlyRm don't care about contents; nuking C:\Users\Zane\AppData\Roaming\npm\node_modules\.staging\typescript-6c4369b5
87 verbose tar unpack C:\Users\Zane\AppData\Roaming\npm-cache\typescript\1.8.10\package.tgz
88 verbose tar unpacking to C:\Users\Zane\AppData\Roaming\npm\node_modules\.staging\typescript-6c4369b5
89 silly gentlyRm C:\Users\Zane\AppData\Roaming\npm\node_modules\.staging\typescript-6c4369b5 is being purged
90 verbose gentlyRm don't care about contents; nuking C:\Users\Zane\AppData\Roaming\npm\node_modules\.staging\typescript-6c4369b5
91 silly gunzTarPerm modes [ '777', '666' ]
92 silly gunzTarPerm extractEntry package.json
93 silly gunzTarPerm extractEntry .npmignore
94 silly gunzTarPerm extractEntry README.md
95 silly gunzTarPerm extractEntry ThirdPartyNoticeText.txt
96 silly gunzTarPerm extractEntry AUTHORS.md
97 silly gunzTarPerm extractEntry CONTRIBUTING.md
98 silly gunzTarPerm extractEntry CopyrightNotice.txt
99 silly gunzTarPerm extractEntry LICENSE.txt
100 silly gunzTarPerm extractEntry bin/tsc
101 silly gunzTarPerm extractEntry bin/tsserver
102 silly gunzTarPerm extractEntry lib/README.md
103 silly gunzTarPerm extractEntry lib/typescript.js
104 silly gunzTarPerm extractEntry lib/tsserver.js
105 silly gunzTarPerm extractEntry lib/tsc.js
106 silly gunzTarPerm extractEntry lib/typescriptServices.js
107 silly gunzTarPerm extractEntry lib/lib.d.ts
108 silly gunzTarPerm extractEntry lib/lib.dom.d.ts
109 silly gunzTarPerm extractEntry lib/lib.es7.d.ts
110 silly gunzTarPerm extractEntry lib/lib.core.d.ts
111 silly gunzTarPerm extractEntry lib/lib.webworker.d.ts
112 silly gunzTarPerm extractEntry lib/lib.es6.d.ts
113 silly gunzTarPerm extractEntry lib/lib.core.es7.d.ts
114 silly gunzTarPerm extractEntry lib/typescript.d.ts
115 silly gunzTarPerm extractEntry lib/lib.core.es6.d.ts
116 silly gunzTarPerm extractEntry lib/typescriptServices.d.ts
117 silly gunzTarPerm extractEntry lib/lib.scriptHost.d.ts
118 silly gunzTarPerm extractEntry test.config
119 silly gentlyRm C:\Users\Zane\AppData\Roaming\npm\node_modules\.staging\typescript-6c4369b5\node_modules is being purged
120 verbose gentlyRm don't care about contents; nuking C:\Users\Zane\AppData\Roaming\npm\node_modules\.staging\typescript-6c4369b5\node_modules
121 silly doParallel preinstall 1
122 silly preinstall typescript@1.8.10 C:\Users\Zane\AppData\Roaming\npm\node_modules\.staging\typescript-6c4369b5
123 info lifecycle typescript@1.8.10~preinstall: typescript@1.8.10
124 silly lifecycle typescript@1.8.10~preinstall: no script for preinstall, continuing
125 silly doReverseSerial remove 0
126 silly doSerial move 0
127 silly doSerial finalize 1
128 silly finalize C:\Users\Zane\AppData\Roaming\npm\node_modules\typescript
129 verbose unlock done using C:\Users\Zane\AppData\Roaming\npm-cache\_locks\staging-b4b05372f115c277.lock for C:\Users\Zane\AppData\Roaming\npm\node_modules\.staging
130 silly rollbackFailedOptional Starting
131 silly rollbackFailedOptional Finishing
132 silly runTopLevelLifecycles Starting
133 silly runTopLevelLifecycles Finishing
134 silly install printInstalled
135 verbose stack Error: EPERM: operation not permitted, rename 'C:\Users\Zane\AppData\Roaming\npm\node_modules\typescript' -> 'C:\Users\Zane\AppData\Roaming\npm\node_modules\.typescript.DELETE'
135 verbose stack     at moveAway (C:\Program Files\nodejs\node_modules\npm\lib\install\action\finalize.js:38:5)
135 verbose stack     at destStatted (C:\Program Files\nodejs\node_modules\npm\lib\install\action\finalize.js:27:7)
135 verbose stack     at FSReqWrap.oncomplete (fs.js:123:15)
135 verbose stack
135 verbose stack Error: EPERM: operation not permitted, rename 'C:\Users\Zane\AppData\Roaming\npm\node_modules\typescript' -> 'C:\Users\Zane\AppData\Roaming\npm\node_modules\.typescript.DELETE'
135 verbose stack     at Error (native)
136 verbose cwd C:\dev\stanford-algorithms\typescript
137 error Windows_NT 10.0.10586
138 error argv "C:\\Program Files\\nodejs\\node.exe" "C:\\Program Files\\nodejs\\node_modules\\npm\\bin\\npm-cli.js" "install" "typescript" "--global"
139 error node v6.5.0
140 error npm  v3.10.3
141 error path C:\Users\Zane\AppData\Roaming\npm\node_modules\typescript
142 error code EPERM
143 error errno -4048
144 error syscall rename
145 error Error: EPERM: operation not permitted, rename 'C:\Users\Zane\AppData\Roaming\npm\node_modules\typescript' -> 'C:\Users\Zane\AppData\Roaming\npm\node_modules\.typescript.DELETE'
145 error     at moveAway (C:\Program Files\nodejs\node_modules\npm\lib\install\action\finalize.js:38:5)
145 error     at destStatted (C:\Program Files\nodejs\node_modules\npm\lib\install\action\finalize.js:27:7)
145 error     at FSReqWrap.oncomplete (fs.js:123:15)
145 error
145 error Error: EPERM: operation not permitted, rename 'C:\Users\Zane\AppData\Roaming\npm\node_modules\typescript' -> 'C:\Users\Zane\AppData\Roaming\npm\node_modules\.typescript.DELETE'
145 error     at Error (native)
145 error  Error: EPERM: operation not permitted, rename 'C:\Users\Zane\AppData\Roaming\npm\node_modules\typescript' -> 'C:\Users\Zane\AppData\Roaming\npm\node_modules\.typescript.DELETE'
145 error     at moveAway (C:\Program Files\nodejs\node_modules\npm\lib\install\action\finalize.js:38:5)
145 error     at destStatted (C:\Program Files\nodejs\node_modules\npm\lib\install\action\finalize.js:27:7)
145 error     at FSReqWrap.oncomplete (fs.js:123:15)
145 error
145 error Error: EPERM: operation not permitted, rename 'C:\Users\Zane\AppData\Roaming\npm\node_modules\typescript' -> 'C:\Users\Zane\AppData\Roaming\npm\node_modules\.typescript.DELETE'
145 error     at Error (native)
146 error Please try running this command again as root/Administrator.
147 verbose exit [ -4048, true ]
